<?xml version="1.0" encoding="UTF-8"?>
<testsuite name="Ettest" tests="2" skipped="0" failures="0" errors="0" timestamp="2018-02-27T11:44:02" hostname="WINIB-DEL80GH4P" time="11.14">
  <properties/>
  <testcase name="Test1" classname="Ettest" time="5.391"/>
  <testcase name="Test2" classname="Ettest" time="5.749"/>
  <system-out><![CDATA[]]></system-out>
  <system-err><![CDATA[Starting ChromeDriver 2.33.506120 (e3e53437346286c0bc2d2dc9aa4915ba81d9023f) on port 18568
Only local connections are allowed.
févr. 27, 2018 12:44:04 PM org.openqa.selenium.remote.ProtocolHandshake createSession
INFOS: Detected dialect: OSS
Starting ChromeDriver 2.33.506120 (e3e53437346286c0bc2d2dc9aa4915ba81d9023f) on port 36534
Only local connections are allowed.
févr. 27, 2018 12:44:09 PM org.openqa.selenium.remote.ProtocolHandshake createSession
INFOS: Detected dialect: OSS
]]></system-err>
</testsuite>
